

*******************************************************************************
Sat Apr 30 19:23:48 2022


FIT:    data read from './Datos/Constante.csv' u 7:8
        format = x:z
        x range restricted to [8.00000e+14 : 3.50000e+14]
BREAK: No data to fit

*******************************************************************************
Sat Apr 30 19:24:41 2022


FIT:    data read from 'Constante.csv' u 7:8
        format = x:z
        x range restricted to [8.00000e+14 : 3.50000e+14]
BREAK: No data to fit

*******************************************************************************
Sat Apr 30 19:25:05 2022


FIT:    data read from 'Constante.csv' u 6:7
        format = x:z
        x range restricted to [8.00000e+14 : 3.50000e+14]
BREAK: No data to fit

*******************************************************************************
Sat Apr 30 19:25:20 2022


FIT:    data read from 'Constante.csv' u 6:7
        format = x:z
        x range restricted to [8.00000e+14 : 3.50000e+14]
BREAK: No data to fit

*******************************************************************************
Sat Apr 30 19:27:11 2022


FIT:    data read from 'Constante.csv' u 6:7
        format = x:z
        x range restricted to [8.00000e+14 : 3.50000e+14]
BREAK: No data to fit

*******************************************************************************
Sat Apr 30 19:28:32 2022


FIT:    data read from 'Constante.csv' u 6:7
        format = x:z
        x range restricted to [8.00000e+14 : 3.50000e+14]
BREAK: No data to fit

*******************************************************************************
Sat Apr 30 19:33:07 2022


FIT:    data read from 'cte.dat' u 1:3
        format = x:z
        x range restricted to [8.00000e+14 : 3.50000e+14]
BREAK: No data to fit

*******************************************************************************
Sat Apr 30 19:33:25 2022


FIT:    data read from 'cte.dat' u 2:3
        format = x:z
        x range restricted to [8.00000e+14 : 3.50000e+14]
BREAK: No data to fit

*******************************************************************************
Sat Apr 30 19:34:00 2022


FIT:    data read from 'cte.dat' u 2:3
        format = x:z
        #datapoints = 4
        residuals are weighted equally (unit weight)

function used for fitting: f(x)
	f(x)=a*x+b
fitted parameters initialized with current variable values

iter      chisq       delta/lim  lambda   a             b            
   0 1.4630010000e+30   0.00e+00  2.66e+00    1.000000e+00   1.000000e+00
   4 4.5597012782e+28  -5.21e-05  2.66e-04   -3.561044e+13   6.543668e+14

After 4 iterations the fit converged.
final sum of squares of residuals : 4.5597e+28
rel. change during last iteration : -5.20654e-10

degrees of freedom    (FIT_NDF)                        : 2
rms of residuals      (FIT_STDFIT) = sqrt(WSSR/ndf)    : 1.50992e+14
variance of residuals (reduced chisquare) = WSSR/ndf   : 2.27985e+28

Final set of parameters            Asymptotic Standard Error
=======================            ==========================
a               = -3.56104e+13     +/- 2.471e+13    (69.4%)
b               = 6.54367e+14      +/- 8.945e+13    (13.67%)

correlation matrix of the fit parameters:
                a      b      
a               1.000 
b              -0.536  1.000 


*******************************************************************************
Sat Apr 30 19:34:32 2022


FIT:    data read from 'cte.dat' u 3:1
        format = x:z
        #datapoints = 4
        residuals are weighted equally (unit weight)

function used for fitting: f(x)
	f(x)=a*x+b
fitted parameters initialized with current variable values

iter      chisq       delta/lim  lambda   a             b            
   0 1.8552363072e+57   0.00e+00  1.52e+28   -3.561044e+13   6.543668e+14
   1 2.2904151941e+55  -8.00e+06  1.52e+27   -3.956715e+12   6.543668e+14

The maximum lambda = 1.000000e+20 was exceeded. Fit stopped.
final sum of squares of residuals : 2.29042e+55
rel. change during last iteration : -80

degrees of freedom    (FIT_NDF)                        : 2
rms of residuals      (FIT_STDFIT) = sqrt(WSSR/ndf)    : 3.38409e+27
variance of residuals (reduced chisquare) = WSSR/ndf   : 1.14521e+55

Final set of parameters            Asymptotic Standard Error
=======================            ==========================
a               = -3.95672e+12     +/- 1.11e+13     (280.6%)
b               = 6.54367e+14      +/- 7.991e+27    (1.221e+15%)

correlation matrix of the fit parameters:
                a      b      
a               1.000 
b              -0.968  1.000 


*******************************************************************************
Sat Apr 30 19:34:35 2022


FIT:    data read from 'cte.dat' u 3:1
        format = x:z
        #datapoints = 4
        residuals are weighted equally (unit weight)

function used for fitting: f(x)
	f(x)=a*x+b
fitted parameters initialized with current variable values

iter      chisq       delta/lim  lambda   a             b            
   0 2.2904151941e+55   0.00e+00  1.69e+27   -3.956715e+12   6.543668e+14
   1 2.8276730791e+53  -8.00e+06  1.69e+26   -4.396350e+11   6.543668e+14

The maximum lambda = 1.000000e+20 was exceeded. Fit stopped.
final sum of squares of residuals : 2.82767e+53
rel. change during last iteration : -80

degrees of freedom    (FIT_NDF)                        : 2
rms of residuals      (FIT_STDFIT) = sqrt(WSSR/ndf)    : 3.7601e+26
variance of residuals (reduced chisquare) = WSSR/ndf   : 1.41384e+53

Final set of parameters            Asymptotic Standard Error
=======================            ==========================
a               = -4.39635e+11     +/- 1.319e+12    (300.1%)
b               = 6.54367e+14      +/- 7.892e+26    (1.206e+14%)

correlation matrix of the fit parameters:
                a      b      
a               1.000 
b              -0.972  1.000 


*******************************************************************************
Sat Apr 30 19:36:50 2022


FIT:    data read from 'cte.dat' u 3:1
        format = x:z
        #datapoints = 4
        residuals are weighted equally (unit weight)

function used for fitting: f(x)
	f(x)=a*x+b
fitted parameters initialized with current variable values

iter      chisq       delta/lim  lambda   a             b            
   0 1.7127838338e+30   0.00e+00  4.63e+14    3.200000e-15   6.543668e+14
   6 4.1569570416e-01   0.00e+00  4.63e+08    3.200000e-15  -1.912034e+00

After 6 iterations the fit converged.
final sum of squares of residuals : 0.415696
rel. change during last iteration : 0

degrees of freedom    (FIT_NDF)                        : 2
rms of residuals      (FIT_STDFIT) = sqrt(WSSR/ndf)    : 0.455903
variance of residuals (reduced chisquare) = WSSR/ndf   : 0.207848

Final set of parameters            Asymptotic Standard Error
=======================            ==========================
a               = 3.2e-15          +/- 1.496e-15    (46.74%)
b               = -1.91203         +/- 0.9045       (47.3%)

correlation matrix of the fit parameters:
                a      b      
a               1.000 
b              -0.968  1.000 


*******************************************************************************
Sat Apr 30 19:37:10 2022


FIT:    data read from 'cte.dat' u 3:1
        format = x:z
        #datapoints = 4
        residuals are weighted equally (unit weight)

function used for fitting: f(x)
	f(x)=a*x+b
fitted parameters initialized with current variable values

iter      chisq       delta/lim  lambda   a             b            
   0 2.0520980764e+00   0.00e+00  1.60e+00    2.000000e-15  -1.912034e+00
   4 2.4548533096e-03  -3.23e-02  1.60e-04    1.091266e-15  -6.778969e-01

After 4 iterations the fit converged.
final sum of squares of residuals : 0.00245485
rel. change during last iteration : -3.23461e-07

degrees of freedom    (FIT_NDF)                        : 2
rms of residuals      (FIT_STDFIT) = sqrt(WSSR/ndf)    : 0.0350346
variance of residuals (reduced chisquare) = WSSR/ndf   : 0.00122743

Final set of parameters            Asymptotic Standard Error
=======================            ==========================
a               = 1.09127e-15      +/- 1.149e-16    (10.53%)
b               = -0.677897        +/- 0.0695       (10.25%)

correlation matrix of the fit parameters:
                a      b      
a               1.000 
b              -0.968  1.000 


*******************************************************************************
Sat Apr 30 19:38:54 2022


FIT:    data read from 'cte.dat' u 3:1:2
        format = x:z:s
        #datapoints = 4
function used for fitting: f(x)
	f(x)=a*x+b
fitted parameters initialized with current variable values

iter      chisq       delta/lim  lambda   a             b            
   0 5.3403820989e+01   0.00e+00  6.31e+00    2.000000e-15  -6.778969e-01
   4 1.0116274863e-01  -1.65e-01  6.31e-04    9.907031e-16  -6.034005e-01

After 4 iterations the fit converged.
final sum of squares of residuals : 0.101163
rel. change during last iteration : -1.65189e-06

degrees of freedom    (FIT_NDF)                        : 2
rms of residuals      (FIT_STDFIT) = sqrt(WSSR/ndf)    : 0.224903
variance of residuals (reduced chisquare) = WSSR/ndf   : 0.0505814
p-value of the Chisq distribution (FIT_P)              : 0.950677

Final set of parameters            Asymptotic Standard Error
=======================            ==========================
a               = 9.90703e-16      +/- 2.069e-16    (20.88%)
b               = -0.6034          +/- 0.1472       (24.39%)

correlation matrix of the fit parameters:
                a      b      
a               1.000 
b              -0.991  1.000 


*******************************************************************************
Sat Apr 30 19:39:16 2022


FIT:    data read from 'cte.dat' u 3:1:2
        format = x:z:s
        #datapoints = 4
function used for fitting: f(x)
	f(x)=a*x+b
fitted parameters initialized with current variable values

iter      chisq       delta/lim  lambda   a             b            
   0 2.6248091931e+02   0.00e+00  8.89e+00    3.000000e-15  -6.034005e-01
   4 1.0116274863e-01  -6.16e-01  8.89e-04    9.907031e-16  -6.034005e-01

After 4 iterations the fit converged.
final sum of squares of residuals : 0.101163
rel. change during last iteration : -6.15795e-06

degrees of freedom    (FIT_NDF)                        : 2
rms of residuals      (FIT_STDFIT) = sqrt(WSSR/ndf)    : 0.224903
variance of residuals (reduced chisquare) = WSSR/ndf   : 0.0505814
p-value of the Chisq distribution (FIT_P)              : 0.950677

Final set of parameters            Asymptotic Standard Error
=======================            ==========================
a               = 9.90703e-16      +/- 2.069e-16    (20.88%)
b               = -0.603401        +/- 0.1472       (24.39%)

correlation matrix of the fit parameters:
                a      b      
a               1.000 
b              -0.991  1.000 


*******************************************************************************
Sat Apr 30 19:40:34 2022


FIT:    data read from 'cte.dat' u 3:1:2
        format = x:z:s
        #datapoints = 4
function used for fitting: f(x)
	f(x)=a*x+b
fitted parameters initialized with current variable values

iter      chisq       delta/lim  lambda   a             b            
   0 2.3986311288e+02   0.00e+00  8.96e+00    3.000000e-15  -6.670000e-01
   5 1.0116274863e-01  -8.01e-09  8.96e-05    9.907031e-16  -6.034005e-01

After 5 iterations the fit converged.
final sum of squares of residuals : 0.101163
rel. change during last iteration : -8.01147e-14

degrees of freedom    (FIT_NDF)                        : 2
rms of residuals      (FIT_STDFIT) = sqrt(WSSR/ndf)    : 0.224903
variance of residuals (reduced chisquare) = WSSR/ndf   : 0.0505814
p-value of the Chisq distribution (FIT_P)              : 0.950677

Final set of parameters            Asymptotic Standard Error
=======================            ==========================
a               = 9.90703e-16      +/- 2.069e-16    (20.88%)
b               = -0.6034          +/- 0.1472       (24.39%)

correlation matrix of the fit parameters:
                a      b      
a               1.000 
b              -0.991  1.000 


*******************************************************************************
Sat Apr 30 19:41:30 2022


FIT:    data read from 'cte.dat' u 3:1:2
        format = x:z:s
        #datapoints = 4
function used for fitting: f(x)
	f(x)=a*x+b
fitted parameters initialized with current variable values

iter      chisq       delta/lim  lambda   a             b            
   0 5.1924782414e-01   0.00e+00  3.91e+00    1.000000e-15  -6.670000e-01
   4 1.0116274863e-01  -1.03e-03  3.91e-04    9.907031e-16  -6.034005e-01

After 4 iterations the fit converged.
final sum of squares of residuals : 0.101163
rel. change during last iteration : -1.0296e-08

degrees of freedom    (FIT_NDF)                        : 2
rms of residuals      (FIT_STDFIT) = sqrt(WSSR/ndf)    : 0.224903
variance of residuals (reduced chisquare) = WSSR/ndf   : 0.0505814
p-value of the Chisq distribution (FIT_P)              : 0.950677

Final set of parameters            Asymptotic Standard Error
=======================            ==========================
a               = 9.90703e-16      +/- 2.069e-16    (20.88%)
b               = -0.6034          +/- 0.1472       (24.39%)

correlation matrix of the fit parameters:
                a      b      
a               1.000 
b              -0.991  1.000 


*******************************************************************************
Sat Apr 30 19:54:45 2022


FIT:    data read from 'cte.dat' u 3:1:2
        format = x:z:s
        #datapoints = 4
function used for fitting: f(x)
	f(x)=a*x+b
fitted parameters initialized with current variable values

iter      chisq       delta/lim  lambda   a             b            
   0 9.9062817392e-01   0.00e+00  4.95e+00    1.000000e-15  -6.670000e-01
   5 2.9987170331e-02  -1.15e-08  4.95e-05    6.602140e-16  -3.561974e-01

After 5 iterations the fit converged.
final sum of squares of residuals : 0.0299872
rel. change during last iteration : -1.14772e-13

degrees of freedom    (FIT_NDF)                        : 2
rms of residuals      (FIT_STDFIT) = sqrt(WSSR/ndf)    : 0.122448
variance of residuals (reduced chisquare) = WSSR/ndf   : 0.0149936
p-value of the Chisq distribution (FIT_P)              : 0.985118

Final set of parameters            Asymptotic Standard Error
=======================            ==========================
a               = 6.60214e-16      +/- 1.359e-16    (20.58%)
b               = -0.356197        +/- 0.09846      (27.64%)

correlation matrix of the fit parameters:
                a      b      
a               1.000 
b              -0.996  1.000 


*******************************************************************************
Sat Apr 30 20:07:48 2022


FIT:    data read from 'cte.dat' u 3:1:2
        format = x:z:s
        #datapoints = 4
function used for fitting: f(x)
	f(x)=a*x+b
fitted parameters initialized with current variable values

iter      chisq       delta/lim  lambda   a             b            
   0 9.9089130687e-01   0.00e+00  4.96e+00    1.000000e-15  -6.670000e-01
   4 6.1746475649e-02  -6.53e-01  4.96e-04    7.291915e-16  -4.071518e-01

After 4 iterations the fit converged.
final sum of squares of residuals : 0.0617465
rel. change during last iteration : -6.53284e-06

degrees of freedom    (FIT_NDF)                        : 2
rms of residuals      (FIT_STDFIT) = sqrt(WSSR/ndf)    : 0.175708
variance of residuals (reduced chisquare) = WSSR/ndf   : 0.0308732
p-value of the Chisq distribution (FIT_P)              : 0.969598

Final set of parameters            Asymptotic Standard Error
=======================            ==========================
a               = 7.29192e-16      +/- 1.827e-16    (25.06%)
b               = -0.407152        +/- 0.1321       (32.43%)

correlation matrix of the fit parameters:
                a      b      
a               1.000 
b              -0.996  1.000 


*******************************************************************************
Sat Apr 30 20:08:02 2022


FIT:    data read from 'cte.dat' u 3:1
        format = x:z
        #datapoints = 4
        residuals are weighted equally (unit weight)

function used for fitting: f(x)
	f(x)=a*x+b
fitted parameters initialized with current variable values

iter      chisq       delta/lim  lambda   a             b            
   0 1.0459428461e-02   0.00e+00  6.37e-01    1.000000e-15  -6.670000e-01
   4 2.4548533096e-03  -3.30e-05  6.37e-05    1.091266e-15  -6.778969e-01

After 4 iterations the fit converged.
final sum of squares of residuals : 0.00245485
rel. change during last iteration : -3.29898e-10

degrees of freedom    (FIT_NDF)                        : 2
rms of residuals      (FIT_STDFIT) = sqrt(WSSR/ndf)    : 0.0350346
variance of residuals (reduced chisquare) = WSSR/ndf   : 0.00122743

Final set of parameters            Asymptotic Standard Error
=======================            ==========================
a               = 1.09127e-15      +/- 1.149e-16    (10.53%)
b               = -0.677897        +/- 0.0695       (10.25%)

correlation matrix of the fit parameters:
                a      b      
a               1.000 
b              -0.968  1.000 


*******************************************************************************
Sat Apr 30 21:58:04 2022


FIT:    data read from 'cte.dat' u 3:1
        format = x:z
        #datapoints = 4
        residuals are weighted equally (unit weight)

function used for fitting: f(x)
	f(x)=a*x+b
fitted parameters initialized with current variable values

iter      chisq       delta/lim  lambda   a             b            
   0 1.0459428461e-02   0.00e+00  6.37e-01    1.000000e-15  -6.670000e-01
   4 2.4548533096e-03  -3.30e-05  6.37e-05    1.091266e-15  -6.778969e-01

After 4 iterations the fit converged.
final sum of squares of residuals : 0.00245485
rel. change during last iteration : -3.29898e-10

degrees of freedom    (FIT_NDF)                        : 2
rms of residuals      (FIT_STDFIT) = sqrt(WSSR/ndf)    : 0.0350346
variance of residuals (reduced chisquare) = WSSR/ndf   : 0.00122743

Final set of parameters            Asymptotic Standard Error
=======================            ==========================
a               = 1.09127e-15      +/- 1.149e-16    (10.53%)
b               = -0.677897        +/- 0.0695       (10.25%)

correlation matrix of the fit parameters:
                a      b      
a               1.000 
b              -0.968  1.000 


*******************************************************************************
Sat Apr 30 22:03:37 2022


FIT:    data read from 'cte.dat' u 3:1:2
        format = x:z:s
        #datapoints = 4
function used for fitting: f(x)
	f(x)=a*x+b
fitted parameters initialized with current variable values

iter      chisq       delta/lim  lambda   a             b            
   0 9.9089130687e-01   0.00e+00  4.96e+00    1.000000e-15  -6.670000e-01
   4 6.1746475649e-02  -6.53e-01  4.96e-04    7.291915e-16  -4.071518e-01

After 4 iterations the fit converged.
final sum of squares of residuals : 0.0617465
rel. change during last iteration : -6.53284e-06

degrees of freedom    (FIT_NDF)                        : 2
rms of residuals      (FIT_STDFIT) = sqrt(WSSR/ndf)    : 0.175708
variance of residuals (reduced chisquare) = WSSR/ndf   : 0.0308732
p-value of the Chisq distribution (FIT_P)              : 0.969598

Final set of parameters            Asymptotic Standard Error
=======================            ==========================
a               = 7.29192e-16      +/- 1.827e-16    (25.06%)
b               = -0.407152        +/- 0.1321       (32.43%)

correlation matrix of the fit parameters:
                a      b      
a               1.000 
b              -0.996  1.000 


*******************************************************************************
Sat Apr 30 22:06:29 2022


FIT:    data read from 'cte.dat' u 3:1:2
        format = x:z:s
        #datapoints = 4
function used for fitting: f(x)
	f(x)=a*x+b
fitted parameters initialized with current variable values

iter      chisq       delta/lim  lambda   a             b            
   0 9.9062815133e-01   0.00e+00  4.95e+00    1.000000e-15  -6.670000e-01
   5 2.9987206540e-02  -1.14e-08  4.95e-05    6.602140e-16  -3.561974e-01

After 5 iterations the fit converged.
final sum of squares of residuals : 0.0299872
rel. change during last iteration : -1.14078e-13

degrees of freedom    (FIT_NDF)                        : 2
rms of residuals      (FIT_STDFIT) = sqrt(WSSR/ndf)    : 0.122448
variance of residuals (reduced chisquare) = WSSR/ndf   : 0.0149936
p-value of the Chisq distribution (FIT_P)              : 0.985118

Final set of parameters            Asymptotic Standard Error
=======================            ==========================
a               = 6.60214e-16      +/- 1.359e-16    (20.58%)
b               = -0.356197        +/- 0.09846      (27.64%)

correlation matrix of the fit parameters:
                a      b      
a               1.000 
b              -0.996  1.000 


*******************************************************************************
Sat Apr 30 22:08:05 2022


FIT:    data read from 'cte.dat' u 3:1:2
        format = x:z:s
        #datapoints = 4
function used for fitting: f(x)
	f(x)=a*x+b
fitted parameters initialized with current variable values

iter      chisq       delta/lim  lambda   a             b            
   0 3.8784681093e+02   0.00e+00  1.14e+01    3.000000e-15  -6.670000e-01
   5 2.9987206540e-02  -7.61e-06  1.14e-04    6.602140e-16  -3.561974e-01

After 5 iterations the fit converged.
final sum of squares of residuals : 0.0299872
rel. change during last iteration : -7.61107e-11

degrees of freedom    (FIT_NDF)                        : 2
rms of residuals      (FIT_STDFIT) = sqrt(WSSR/ndf)    : 0.122448
variance of residuals (reduced chisquare) = WSSR/ndf   : 0.0149936
p-value of the Chisq distribution (FIT_P)              : 0.985118

Final set of parameters            Asymptotic Standard Error
=======================            ==========================
a               = 6.60214e-16      +/- 1.359e-16    (20.58%)
b               = -0.356197        +/- 0.09846      (27.64%)

correlation matrix of the fit parameters:
                a      b      
a               1.000 
b              -0.996  1.000 


*******************************************************************************
Sat Apr 30 22:08:08 2022


FIT:    data read from 'cte.dat' u 3:1:2
        format = x:z:s
        #datapoints = 4
function used for fitting: f(x)
	f(x)=a*x+b
fitted parameters initialized with current variable values

iter      chisq       delta/lim  lambda   a             b            
   0 3.8784681093e+02   0.00e+00  1.14e+01    3.000000e-15  -6.670000e-01
   5 2.9987206540e-02  -7.61e-06  1.14e-04    6.602140e-16  -3.561974e-01

After 5 iterations the fit converged.
final sum of squares of residuals : 0.0299872
rel. change during last iteration : -7.61107e-11

degrees of freedom    (FIT_NDF)                        : 2
rms of residuals      (FIT_STDFIT) = sqrt(WSSR/ndf)    : 0.122448
variance of residuals (reduced chisquare) = WSSR/ndf   : 0.0149936
p-value of the Chisq distribution (FIT_P)              : 0.985118

Final set of parameters            Asymptotic Standard Error
=======================            ==========================
a               = 6.60214e-16      +/- 1.359e-16    (20.58%)
b               = -0.356197        +/- 0.09846      (27.64%)

correlation matrix of the fit parameters:
                a      b      
a               1.000 
b              -0.996  1.000 


*******************************************************************************
Sat Apr 30 22:08:14 2022


FIT:    data read from 'cte.dat' u 3:1:2
        format = x:z:s
        #datapoints = 4
function used for fitting: f(x)
	f(x)=a*x+b
fitted parameters initialized with current variable values

iter      chisq       delta/lim  lambda   a             b            
   0 3.8784681093e+02   0.00e+00  1.14e+01    3.000000e-15  -6.670000e-01
   5 2.9987206540e-02  -7.61e-06  1.14e-04    6.602140e-16  -3.561974e-01

After 5 iterations the fit converged.
final sum of squares of residuals : 0.0299872
rel. change during last iteration : -7.61107e-11

degrees of freedom    (FIT_NDF)                        : 2
rms of residuals      (FIT_STDFIT) = sqrt(WSSR/ndf)    : 0.122448
variance of residuals (reduced chisquare) = WSSR/ndf   : 0.0149936
p-value of the Chisq distribution (FIT_P)              : 0.985118

Final set of parameters            Asymptotic Standard Error
=======================            ==========================
a               = 6.60214e-16      +/- 1.359e-16    (20.58%)
b               = -0.356197        +/- 0.09846      (27.64%)

correlation matrix of the fit parameters:
                a      b      
a               1.000 
b              -0.996  1.000 


*******************************************************************************
Sat Apr 30 22:09:36 2022


FIT:    data read from 'cte.dat' u 3:1:2
        format = x:z:s
        #datapoints = 4
function used for fitting: f(x)
	f(x)=a*x+b
fitted parameters initialized with current variable values

iter      chisq       delta/lim  lambda   a             b            
   0 3.9021137660e+02   0.00e+00  1.15e+01    3.000000e-15  -6.670000e-01
   5 5.7328760723e-02  -1.62e-06  1.15e-04    7.338110e-16  -4.105654e-01

After 5 iterations the fit converged.
final sum of squares of residuals : 0.0573288
rel. change during last iteration : -1.62004e-11

degrees of freedom    (FIT_NDF)                        : 2
rms of residuals      (FIT_STDFIT) = sqrt(WSSR/ndf)    : 0.169306
variance of residuals (reduced chisquare) = WSSR/ndf   : 0.0286644
p-value of the Chisq distribution (FIT_P)              : 0.971743

Final set of parameters            Asymptotic Standard Error
=======================            ==========================
a               = 7.33811e-16      +/- 1.722e-16    (23.47%)
b               = -0.410565        +/- 0.1244       (30.29%)

correlation matrix of the fit parameters:
                a      b      
a               1.000 
b              -0.995  1.000 


*******************************************************************************
Sat Apr 30 22:10:20 2022


FIT:    data read from 'cte.dat' u 3:1:2
        format = x:z:s
        #datapoints = 4
function used for fitting: f(x)
	f(x)=a*x+b
fitted parameters initialized with current variable values

iter      chisq       delta/lim  lambda   a             b            
   0 3.9021137660e+02   0.00e+00  1.15e+01    3.000000e-15  -6.670000e-01
   5 5.7328760723e-02  -1.62e-06  1.15e-04    7.338110e-16  -4.105654e-01

After 5 iterations the fit converged.
final sum of squares of residuals : 0.0573288
rel. change during last iteration : -1.62004e-11

degrees of freedom    (FIT_NDF)                        : 2
rms of residuals      (FIT_STDFIT) = sqrt(WSSR/ndf)    : 0.169306
variance of residuals (reduced chisquare) = WSSR/ndf   : 0.0286644
p-value of the Chisq distribution (FIT_P)              : 0.971743

Final set of parameters            Asymptotic Standard Error
=======================            ==========================
a               = 7.33811e-16      +/- 1.722e-16    (23.47%)
b               = -0.410565        +/- 0.1244       (30.29%)

correlation matrix of the fit parameters:
                a      b      
a               1.000 
b              -0.995  1.000 


*******************************************************************************
Sat Apr 30 22:11:27 2022


FIT:    data read from 'cte.dat' u 3:1:2
        format = x:z:s
        #datapoints = 4
function used for fitting: f(x)
	f(x)=a*x+b
fitted parameters initialized with current variable values

iter      chisq       delta/lim  lambda   a             b            
   0 3.8786225816e+02   0.00e+00  1.14e+01    3.000000e-15  -6.670000e-01
   5 3.0074396650e-02  -7.45e-06  1.14e-04    6.609292e-16  -3.567225e-01

After 5 iterations the fit converged.
final sum of squares of residuals : 0.0300744
rel. change during last iteration : -7.45389e-11

degrees of freedom    (FIT_NDF)                        : 2
rms of residuals      (FIT_STDFIT) = sqrt(WSSR/ndf)    : 0.122626
variance of residuals (reduced chisquare) = WSSR/ndf   : 0.0150372
p-value of the Chisq distribution (FIT_P)              : 0.985075

Final set of parameters            Asymptotic Standard Error
=======================            ==========================
a               = 6.60929e-16      +/- 1.358e-16    (20.55%)
b               = -0.356723        +/- 0.09839      (27.58%)

correlation matrix of the fit parameters:
                a      b      
a               1.000 
b              -0.996  1.000 


*******************************************************************************
Sat Apr 30 22:12:04 2022


FIT:    data read from 'cte.dat' u 3:1:2
        format = x:z:s
        #datapoints = 4
function used for fitting: f(x)
	f(x)=a*x+b
fitted parameters initialized with current variable values

iter      chisq       delta/lim  lambda   a             b            
   0 3.9021137660e+02   0.00e+00  1.15e+01    3.000000e-15  -6.670000e-01
   5 5.7328760723e-02  -1.62e-06  1.15e-04    7.338110e-16  -4.105654e-01

After 5 iterations the fit converged.
final sum of squares of residuals : 0.0573288
rel. change during last iteration : -1.62004e-11

degrees of freedom    (FIT_NDF)                        : 2
rms of residuals      (FIT_STDFIT) = sqrt(WSSR/ndf)    : 0.169306
variance of residuals (reduced chisquare) = WSSR/ndf   : 0.0286644
p-value of the Chisq distribution (FIT_P)              : 0.971743

Final set of parameters            Asymptotic Standard Error
=======================            ==========================
a               = 7.33811e-16      +/- 1.722e-16    (23.47%)
b               = -0.410565        +/- 0.1244       (30.29%)

correlation matrix of the fit parameters:
                a      b      
a               1.000 
b              -0.995  1.000 


*******************************************************************************
Mon May  2 11:07:32 2022


FIT:    data read from 'cte.dat' u 3:1:2
        format = x:z:s
        #datapoints = 4
function used for fitting: f(x)
	f(x)=a*x+b
fitted parameters initialized with current variable values

iter      chisq       delta/lim  lambda   a             b            
   0 3.9021137660e+02   0.00e+00  1.15e+01    3.000000e-15  -6.670000e-01
   5 5.7328760723e-02  -1.62e-06  1.15e-04    7.338110e-16  -4.105654e-01

After 5 iterations the fit converged.
final sum of squares of residuals : 0.0573288
rel. change during last iteration : -1.62004e-11

degrees of freedom    (FIT_NDF)                        : 2
rms of residuals      (FIT_STDFIT) = sqrt(WSSR/ndf)    : 0.169306
variance of residuals (reduced chisquare) = WSSR/ndf   : 0.0286644
p-value of the Chisq distribution (FIT_P)              : 0.971743

Final set of parameters            Asymptotic Standard Error
=======================            ==========================
a               = 7.33811e-16      +/- 1.722e-16    (23.47%)
b               = -0.410565        +/- 0.1244       (30.29%)

correlation matrix of the fit parameters:
                a      b      
a               1.000 
b              -0.995  1.000 


*******************************************************************************
Mon May  2 11:07:46 2022


FIT:    data read from 'cte.dat' u 3:1
        format = x:z
        #datapoints = 4
        residuals are weighted equally (unit weight)

function used for fitting: f(x)
	f(x)=a*x+b
fitted parameters initialized with current variable values

iter      chisq       delta/lim  lambda   a             b            
   0 5.2757560142e+00   0.00e+00  1.37e+00    3.000000e-15  -6.670000e-01
   4 4.4899617051e-03  -2.92e-02  1.37e-04    9.022631e-16  -5.418334e-01

After 4 iterations the fit converged.
final sum of squares of residuals : 0.00448996
rel. change during last iteration : -2.92363e-07

degrees of freedom    (FIT_NDF)                        : 2
rms of residuals      (FIT_STDFIT) = sqrt(WSSR/ndf)    : 0.0473812
variance of residuals (reduced chisquare) = WSSR/ndf   : 0.00224498

Final set of parameters            Asymptotic Standard Error
=======================            ==========================
a               = 9.02263e-16      +/- 1.554e-16    (17.23%)
b               = -0.541833        +/- 0.094        (17.35%)

correlation matrix of the fit parameters:
                a      b      
a               1.000 
b              -0.968  1.000 


*******************************************************************************
Mon May  2 11:10:16 2022


FIT:    data read from 'cte1.dat' u 2:1
        format = x:z
        #datapoints = 4
        residuals are weighted equally (unit weight)

function used for fitting: f(x)
	f(x)=a*x+b
fitted parameters initialized with current variable values

iter      chisq       delta/lim  lambda   a             b            
   0 5.4304159850e+00   0.00e+00  1.37e+00    3.000000e-15  -6.670000e-01
   4 2.4548533096e-03  -1.25e-02  1.37e-04    1.091266e-15  -6.778969e-01

After 4 iterations the fit converged.
final sum of squares of residuals : 0.00245485
rel. change during last iteration : -1.24793e-07

degrees of freedom    (FIT_NDF)                        : 2
rms of residuals      (FIT_STDFIT) = sqrt(WSSR/ndf)    : 0.0350346
variance of residuals (reduced chisquare) = WSSR/ndf   : 0.00122743

Final set of parameters            Asymptotic Standard Error
=======================            ==========================
a               = 1.09127e-15      +/- 1.149e-16    (10.53%)
b               = -0.677897        +/- 0.0695       (10.25%)

correlation matrix of the fit parameters:
                a      b      
a               1.000 
b              -0.968  1.000 


*******************************************************************************
Mon May  2 11:55:50 2022


FIT:    data read from 'cte1.dat' u 2:1
        format = x:z
        #datapoints = 4
        residuals are weighted equally (unit weight)

function used for fitting: f(x)
	f(x)=a*x+b
fitted parameters initialized with current variable values

iter      chisq       delta/lim  lambda   a             b            
   0 5.4304159850e+00   0.00e+00  1.37e+00    3.000000e-15  -6.670000e-01
   4 2.4548533096e-03  -1.25e-02  1.37e-04    1.091266e-15  -6.778969e-01

After 4 iterations the fit converged.
final sum of squares of residuals : 0.00245485
rel. change during last iteration : -1.24793e-07

degrees of freedom    (FIT_NDF)                        : 2
rms of residuals      (FIT_STDFIT) = sqrt(WSSR/ndf)    : 0.0350346
variance of residuals (reduced chisquare) = WSSR/ndf   : 0.00122743

Final set of parameters            Asymptotic Standard Error
=======================            ==========================
a               = 1.09127e-15      +/- 1.149e-16    (10.53%)
b               = -0.677897        +/- 0.0695       (10.25%)

correlation matrix of the fit parameters:
                a      b      
a               1.000 
b              -0.968  1.000 


*******************************************************************************
Mon May  2 13:56:20 2022


FIT:    data read from 'cte1.dat' u 2:1
        format = x:z
        #datapoints = 5
        residuals are weighted equally (unit weight)

function used for fitting: f(x)
	f(x)=a*x+b
fitted parameters initialized with current variable values

iter      chisq       delta/lim  lambda   a             b            
   0 6.2989950243e+00   0.00e+00  1.34e+00    3.000000e-15  -6.670000e-01
   4 2.8102389342e-04  -3.95e-02  1.34e-04    1.178399e-15  -7.148599e-01

After 4 iterations the fit converged.
final sum of squares of residuals : 0.000281024
rel. change during last iteration : -3.94833e-07

degrees of freedom    (FIT_NDF)                        : 3
rms of residuals      (FIT_STDFIT) = sqrt(WSSR/ndf)    : 0.00967857
variance of residuals (reduced chisquare) = WSSR/ndf   : 9.36746e-05

Final set of parameters            Asymptotic Standard Error
=======================            ==========================
a               = 1.1784e-15       +/- 3.134e-17    (2.66%)
b               = -0.71486         +/- 0.01851      (2.589%)

correlation matrix of the fit parameters:
                a      b      
a               1.000 
b              -0.972  1.000 


*******************************************************************************
Mon May  2 13:57:26 2022


FIT:    data read from 'cte1.dat' u 2:1
        format = x:z
        #datapoints = 5
        residuals are weighted equally (unit weight)

function used for fitting: f(x)
	f(x)=a*x+b
fitted parameters initialized with current variable values

iter      chisq       delta/lim  lambda   a             b            
   0 1.5910122539e+01   0.00e+00  1.78e+00    4.120000e-15  -6.670000e-01
   4 2.8102389342e-04  -1.87e-01  1.78e-04    1.178399e-15  -7.148599e-01

After 4 iterations the fit converged.
final sum of squares of residuals : 0.000281024
rel. change during last iteration : -1.87215e-06

degrees of freedom    (FIT_NDF)                        : 3
rms of residuals      (FIT_STDFIT) = sqrt(WSSR/ndf)    : 0.00967857
variance of residuals (reduced chisquare) = WSSR/ndf   : 9.36746e-05

Final set of parameters            Asymptotic Standard Error
=======================            ==========================
a               = 1.1784e-15       +/- 3.134e-17    (2.66%)
b               = -0.71486         +/- 0.01851      (2.589%)

correlation matrix of the fit parameters:
                a      b      
a               1.000 
b              -0.972  1.000 


*******************************************************************************
Mon May  2 13:57:30 2022


FIT:    data read from 'cte1.dat' u 2:1
        format = x:z
        #datapoints = 5
        residuals are weighted equally (unit weight)

function used for fitting: f(x)
	f(x)=a*x+b
fitted parameters initialized with current variable values

iter      chisq       delta/lim  lambda   a             b            
   0 1.5910122539e+01   0.00e+00  1.78e+00    4.120000e-15  -6.670000e-01
   4 2.8102389342e-04  -1.87e-01  1.78e-04    1.178399e-15  -7.148599e-01

After 4 iterations the fit converged.
final sum of squares of residuals : 0.000281024
rel. change during last iteration : -1.87215e-06

degrees of freedom    (FIT_NDF)                        : 3
rms of residuals      (FIT_STDFIT) = sqrt(WSSR/ndf)    : 0.00967857
variance of residuals (reduced chisquare) = WSSR/ndf   : 9.36746e-05

Final set of parameters            Asymptotic Standard Error
=======================            ==========================
a               = 1.1784e-15       +/- 3.134e-17    (2.66%)
b               = -0.71486         +/- 0.01851      (2.589%)

correlation matrix of the fit parameters:
                a      b      
a               1.000 
b              -0.972  1.000 


*******************************************************************************
Mon May  2 13:59:34 2022


FIT:    data read from 'cte1.dat' u 3:1:2
        format = x:z:s
BREAK: No data to fit

*******************************************************************************
Mon May  2 13:59:54 2022


FIT:    data read from 'cte.dat' u 3:1:2
        format = x:z:s
        #datapoints = 5
function used for fitting: f(x)
	f(x)=a*x+b
fitted parameters initialized with current variable values

iter      chisq       delta/lim  lambda   a             b            
   0 1.8884195145e+02   0.00e+00  6.11e+00    4.120000e-15  -6.670000e-01
   4 1.9802368849e-03  -3.83e-01  6.11e-04    1.202602e-15  -7.356502e-01

After 4 iterations the fit converged.
final sum of squares of residuals : 0.00198024
rel. change during last iteration : -3.82811e-06

degrees of freedom    (FIT_NDF)                        : 3
rms of residuals      (FIT_STDFIT) = sqrt(WSSR/ndf)    : 0.025692
variance of residuals (reduced chisquare) = WSSR/ndf   : 0.000660079
p-value of the Chisq distribution (FIT_P)              : 0.999977

Final set of parameters            Asymptotic Standard Error
=======================            ==========================
a               = 1.2026e-15       +/- 2.85e-17     (2.37%)
b               = -0.73565         +/- 0.01874      (2.547%)

correlation matrix of the fit parameters:
                a      b      
a               1.000 
b              -0.980  1.000 


*******************************************************************************
Mon May  2 14:05:50 2022


FIT:    data read from 'cte.dat' u 3:1:2
        format = x:z:s
        #datapoints = 5
function used for fitting: f(x)
	f(x)=a*x+b
fitted parameters initialized with current variable values

iter      chisq       delta/lim  lambda   a             b            
   0 6.4612150020e+02   0.00e+00  1.13e+01    4.120000e-15  -6.670000e-01
   5 7.6634111040e-03  -4.91e-09  1.13e-04    1.183671e-15  -7.186779e-01

After 5 iterations the fit converged.
final sum of squares of residuals : 0.00766341
rel. change during last iteration : -4.91211e-14

degrees of freedom    (FIT_NDF)                        : 3
rms of residuals      (FIT_STDFIT) = sqrt(WSSR/ndf)    : 0.0505418
variance of residuals (reduced chisquare) = WSSR/ndf   : 0.00255447
p-value of the Chisq distribution (FIT_P)              : 0.999822

Final set of parameters            Asymptotic Standard Error
=======================            ==========================
a               = 1.18367e-15      +/- 3.351e-17    (2.831%)
b               = -0.718678        +/- 0.02289      (3.185%)

correlation matrix of the fit parameters:
                a      b      
a               1.000 
b              -0.984  1.000 


*******************************************************************************
Mon May  2 14:06:10 2022


FIT:    data read from 'cte.dat' u 3:1:2
        format = x:z:s
        #datapoints = 5
function used for fitting: f(x)
	f(x)=a*x+b
fitted parameters initialized with current variable values

iter      chisq       delta/lim  lambda   a             b            
   0 6.4612150020e+02   0.00e+00  1.13e+01    4.120000e-15  -6.670000e-01
   5 7.6634111040e-03  -4.91e-09  1.13e-04    1.183671e-15  -7.186779e-01

After 5 iterations the fit converged.
final sum of squares of residuals : 0.00766341
rel. change during last iteration : -4.91211e-14

degrees of freedom    (FIT_NDF)                        : 3
rms of residuals      (FIT_STDFIT) = sqrt(WSSR/ndf)    : 0.0505418
variance of residuals (reduced chisquare) = WSSR/ndf   : 0.00255447
p-value of the Chisq distribution (FIT_P)              : 0.999822

Final set of parameters            Asymptotic Standard Error
=======================            ==========================
a               = 1.18367e-15      +/- 3.351e-17    (2.831%)
b               = -0.718678        +/- 0.02289      (3.185%)

correlation matrix of the fit parameters:
                a      b      
a               1.000 
b              -0.984  1.000 


*******************************************************************************
Mon May  2 14:06:23 2022


FIT:    data read from 'cte.dat' u 3:1:2
        format = x:z:s
        #datapoints = 5
function used for fitting: f(x)
	f(x)=a*x+b
fitted parameters initialized with current variable values

iter      chisq       delta/lim  lambda   a             b            
   0 6.4612150020e+02   0.00e+00  1.13e+01    4.120000e-15  -6.670000e-01
   5 7.6634111040e-03  -4.91e-09  1.13e-04    1.183671e-15  -7.186779e-01

After 5 iterations the fit converged.
final sum of squares of residuals : 0.00766341
rel. change during last iteration : -4.91211e-14

degrees of freedom    (FIT_NDF)                        : 3
rms of residuals      (FIT_STDFIT) = sqrt(WSSR/ndf)    : 0.0505418
variance of residuals (reduced chisquare) = WSSR/ndf   : 0.00255447
p-value of the Chisq distribution (FIT_P)              : 0.999822

Final set of parameters            Asymptotic Standard Error
=======================            ==========================
a               = 1.18367e-15      +/- 3.351e-17    (2.831%)
b               = -0.718678        +/- 0.02289      (3.185%)

correlation matrix of the fit parameters:
                a      b      
a               1.000 
b              -0.984  1.000 


*******************************************************************************
Mon May  2 14:07:29 2022


FIT:    data read from 'cte.dat' u 3:1:2
        format = x:z:s
        x range restricted to [3.00000e+14 : 8.00000e+14]
        #datapoints = 5
function used for fitting: f(x)
	f(x)=a*x+b
fitted parameters initialized with current variable values

iter      chisq       delta/lim  lambda   a             b            
   0 6.4612150020e+02   0.00e+00  1.13e+01    4.120000e-15  -6.670000e-01
   5 7.6634111040e-03  -4.91e-09  1.13e-04    1.183671e-15  -7.186779e-01

After 5 iterations the fit converged.
final sum of squares of residuals : 0.00766341
rel. change during last iteration : -4.91211e-14

degrees of freedom    (FIT_NDF)                        : 3
rms of residuals      (FIT_STDFIT) = sqrt(WSSR/ndf)    : 0.0505418
variance of residuals (reduced chisquare) = WSSR/ndf   : 0.00255447
p-value of the Chisq distribution (FIT_P)              : 0.999822

Final set of parameters            Asymptotic Standard Error
=======================            ==========================
a               = 1.18367e-15      +/- 3.351e-17    (2.831%)
b               = -0.718678        +/- 0.02289      (3.185%)

correlation matrix of the fit parameters:
                a      b      
a               1.000 
b              -0.984  1.000 


*******************************************************************************
Mon May  2 14:08:55 2022


FIT:    data read from 'cte.dat' u 3:1:2
        format = x:z:s
        x range restricted to [3.00000e+14 : 8.00000e+14]
        #datapoints = 5
function used for fitting: f(x)
	f(x)=a*x+b
fitted parameters initialized with current variable values

iter      chisq       delta/lim  lambda   a             b            
   0 6.4612150020e+02   0.00e+00  1.13e+01    4.120000e-15  -6.670000e-01
   5 7.6634111040e-03  -4.91e-09  1.13e-04    1.183671e-15  -7.186779e-01

After 5 iterations the fit converged.
final sum of squares of residuals : 0.00766341
rel. change during last iteration : -4.91211e-14

degrees of freedom    (FIT_NDF)                        : 3
rms of residuals      (FIT_STDFIT) = sqrt(WSSR/ndf)    : 0.0505418
variance of residuals (reduced chisquare) = WSSR/ndf   : 0.00255447
p-value of the Chisq distribution (FIT_P)              : 0.999822

Final set of parameters            Asymptotic Standard Error
=======================            ==========================
a               = 1.18367e-15      +/- 3.351e-17    (2.831%)
b               = -0.718678        +/- 0.02289      (3.185%)

correlation matrix of the fit parameters:
                a      b      
a               1.000 
b              -0.984  1.000 


*******************************************************************************
Mon May  2 14:10:07 2022


FIT:    data read from 'cte.dat' u 3:1:2
        format = x:z:s
        x range restricted to [3.00000e+14 : 8.00000e+14]
        #datapoints = 5
function used for fitting: f(x)
	f(x)=a*x+b
fitted parameters initialized with current variable values

iter      chisq       delta/lim  lambda   a             b            
   0 6.4612150020e+02   0.00e+00  1.13e+01    4.120000e-15  -6.670000e-01
   5 7.6634111040e-03  -4.91e-09  1.13e-04    1.183671e-15  -7.186779e-01

After 5 iterations the fit converged.
final sum of squares of residuals : 0.00766341
rel. change during last iteration : -4.91211e-14

degrees of freedom    (FIT_NDF)                        : 3
rms of residuals      (FIT_STDFIT) = sqrt(WSSR/ndf)    : 0.0505418
variance of residuals (reduced chisquare) = WSSR/ndf   : 0.00255447
p-value of the Chisq distribution (FIT_P)              : 0.999822

Final set of parameters            Asymptotic Standard Error
=======================            ==========================
a               = 1.18367e-15      +/- 3.351e-17    (2.831%)
b               = -0.718678        +/- 0.02289      (3.185%)

correlation matrix of the fit parameters:
                a      b      
a               1.000 
b              -0.984  1.000 


*******************************************************************************
Mon May  2 14:10:58 2022


FIT:    data read from 'cte.dat' u 3:1:2
        format = x:z:s
        x range restricted to [3.00000e+14 : 8.00000e+14]
        #datapoints = 5
function used for fitting: f(x)
	f(x)=a*x+b
fitted parameters initialized with current variable values

iter      chisq       delta/lim  lambda   a             b            
   0 6.4612150020e+02   0.00e+00  1.13e+01    4.120000e-15  -6.670000e-01
   5 7.6634111040e-03  -4.91e-09  1.13e-04    1.183671e-15  -7.186779e-01

After 5 iterations the fit converged.
final sum of squares of residuals : 0.00766341
rel. change during last iteration : -4.91211e-14

degrees of freedom    (FIT_NDF)                        : 3
rms of residuals      (FIT_STDFIT) = sqrt(WSSR/ndf)    : 0.0505418
variance of residuals (reduced chisquare) = WSSR/ndf   : 0.00255447
p-value of the Chisq distribution (FIT_P)              : 0.999822

Final set of parameters            Asymptotic Standard Error
=======================            ==========================
a               = 1.18367e-15      +/- 3.351e-17    (2.831%)
b               = -0.718678        +/- 0.02289      (3.185%)

correlation matrix of the fit parameters:
                a      b      
a               1.000 
b              -0.984  1.000 


*******************************************************************************
Mon May  2 14:11:16 2022


FIT:    data read from 'cte.dat' u 3:1:2
        format = x:z:s
        x range restricted to [3.00000e+14 : 8.00000e+14]
        #datapoints = 5
function used for fitting: f(x)
	f(x)=a*x+b
fitted parameters initialized with current variable values

iter      chisq       delta/lim  lambda   a             b            
   0 6.4612150020e+02   0.00e+00  1.13e+01    4.120000e-15  -6.670000e-01
   5 7.6634111040e-03  -4.91e-09  1.13e-04    1.183671e-15  -7.186779e-01

After 5 iterations the fit converged.
final sum of squares of residuals : 0.00766341
rel. change during last iteration : -4.91211e-14

degrees of freedom    (FIT_NDF)                        : 3
rms of residuals      (FIT_STDFIT) = sqrt(WSSR/ndf)    : 0.0505418
variance of residuals (reduced chisquare) = WSSR/ndf   : 0.00255447
p-value of the Chisq distribution (FIT_P)              : 0.999822

Final set of parameters            Asymptotic Standard Error
=======================            ==========================
a               = 1.18367e-15      +/- 3.351e-17    (2.831%)
b               = -0.718678        +/- 0.02289      (3.185%)

correlation matrix of the fit parameters:
                a      b      
a               1.000 
b              -0.984  1.000 


*******************************************************************************
Mon May  2 14:11:30 2022


FIT:    data read from 'cte.dat' u 3:1:2
        format = x:z:s
        x range restricted to [3.00000e+14 : 8.00000e+14]
        #datapoints = 5
function used for fitting: f(x)
	f(x)=a*x+b
fitted parameters initialized with current variable values

iter      chisq       delta/lim  lambda   a             b            
   0 6.4612150020e+02   0.00e+00  1.13e+01    4.120000e-15  -6.670000e-01
   5 7.6634111040e-03  -4.91e-09  1.13e-04    1.183671e-15  -7.186779e-01

After 5 iterations the fit converged.
final sum of squares of residuals : 0.00766341
rel. change during last iteration : -4.91211e-14

degrees of freedom    (FIT_NDF)                        : 3
rms of residuals      (FIT_STDFIT) = sqrt(WSSR/ndf)    : 0.0505418
variance of residuals (reduced chisquare) = WSSR/ndf   : 0.00255447
p-value of the Chisq distribution (FIT_P)              : 0.999822

Final set of parameters            Asymptotic Standard Error
=======================            ==========================
a               = 1.18367e-15      +/- 3.351e-17    (2.831%)
b               = -0.718678        +/- 0.02289      (3.185%)

correlation matrix of the fit parameters:
                a      b      
a               1.000 
b              -0.984  1.000 


*******************************************************************************
Mon May  2 14:12:00 2022


FIT:    data read from 'cte.dat' u 3:1:2
        format = x:z:s
        x range restricted to [3.00000e+14 : 8.00000e+14]
        #datapoints = 5
function used for fitting: f(x)
	f(x)=a*x+b
fitted parameters initialized with current variable values

iter      chisq       delta/lim  lambda   a             b            
   0 6.4612150020e+02   0.00e+00  1.13e+01    4.120000e-15  -6.670000e-01
   5 7.6634111040e-03  -4.91e-09  1.13e-04    1.183671e-15  -7.186779e-01

After 5 iterations the fit converged.
final sum of squares of residuals : 0.00766341
rel. change during last iteration : -4.91211e-14

degrees of freedom    (FIT_NDF)                        : 3
rms of residuals      (FIT_STDFIT) = sqrt(WSSR/ndf)    : 0.0505418
variance of residuals (reduced chisquare) = WSSR/ndf   : 0.00255447
p-value of the Chisq distribution (FIT_P)              : 0.999822

Final set of parameters            Asymptotic Standard Error
=======================            ==========================
a               = 1.18367e-15      +/- 3.351e-17    (2.831%)
b               = -0.718678        +/- 0.02289      (3.185%)

correlation matrix of the fit parameters:
                a      b      
a               1.000 
b              -0.984  1.000 


*******************************************************************************
Mon May  2 14:12:12 2022


FIT:    data read from 'cte.dat' u 3:1:2
        format = x:z:s
        x range restricted to [3.00000e+14 : 8.00000e+14]
        #datapoints = 5
function used for fitting: f(x)
	f(x)=a*x+b
fitted parameters initialized with current variable values

iter      chisq       delta/lim  lambda   a             b            
   0 6.4612150020e+02   0.00e+00  1.13e+01    4.120000e-15  -6.670000e-01
   5 7.6634111040e-03  -4.91e-09  1.13e-04    1.183671e-15  -7.186779e-01

After 5 iterations the fit converged.
final sum of squares of residuals : 0.00766341
rel. change during last iteration : -4.91211e-14

degrees of freedom    (FIT_NDF)                        : 3
rms of residuals      (FIT_STDFIT) = sqrt(WSSR/ndf)    : 0.0505418
variance of residuals (reduced chisquare) = WSSR/ndf   : 0.00255447
p-value of the Chisq distribution (FIT_P)              : 0.999822

Final set of parameters            Asymptotic Standard Error
=======================            ==========================
a               = 1.18367e-15      +/- 3.351e-17    (2.831%)
b               = -0.718678        +/- 0.02289      (3.185%)

correlation matrix of the fit parameters:
                a      b      
a               1.000 
b              -0.984  1.000 


*******************************************************************************
Mon May  2 14:12:14 2022


FIT:    data read from 'cte.dat' u 3:1:2
        format = x:z:s
        x range restricted to [3.00000e+14 : 8.00000e+14]
        #datapoints = 5
function used for fitting: f(x)
	f(x)=a*x+b
fitted parameters initialized with current variable values

iter      chisq       delta/lim  lambda   a             b            
   0 6.4612150020e+02   0.00e+00  1.13e+01    4.120000e-15  -6.670000e-01
   5 7.6634111040e-03  -4.91e-09  1.13e-04    1.183671e-15  -7.186779e-01

After 5 iterations the fit converged.
final sum of squares of residuals : 0.00766341
rel. change during last iteration : -4.91211e-14

degrees of freedom    (FIT_NDF)                        : 3
rms of residuals      (FIT_STDFIT) = sqrt(WSSR/ndf)    : 0.0505418
variance of residuals (reduced chisquare) = WSSR/ndf   : 0.00255447
p-value of the Chisq distribution (FIT_P)              : 0.999822

Final set of parameters            Asymptotic Standard Error
=======================            ==========================
a               = 1.18367e-15      +/- 3.351e-17    (2.831%)
b               = -0.718678        +/- 0.02289      (3.185%)

correlation matrix of the fit parameters:
                a      b      
a               1.000 
b              -0.984  1.000 


*******************************************************************************
Mon May  2 14:12:23 2022


FIT:    data read from 'cte.dat' u 3:1:2
        format = x:z:s
        x range restricted to [3.00000e+14 : 8.00000e+14]
        #datapoints = 5
function used for fitting: f(x)
	f(x)=a*x+b
fitted parameters initialized with current variable values

iter      chisq       delta/lim  lambda   a             b            
   0 6.4612150020e+02   0.00e+00  1.13e+01    4.120000e-15  -6.670000e-01
   5 7.6634111040e-03  -4.91e-09  1.13e-04    1.183671e-15  -7.186779e-01

After 5 iterations the fit converged.
final sum of squares of residuals : 0.00766341
rel. change during last iteration : -4.91211e-14

degrees of freedom    (FIT_NDF)                        : 3
rms of residuals      (FIT_STDFIT) = sqrt(WSSR/ndf)    : 0.0505418
variance of residuals (reduced chisquare) = WSSR/ndf   : 0.00255447
p-value of the Chisq distribution (FIT_P)              : 0.999822

Final set of parameters            Asymptotic Standard Error
=======================            ==========================
a               = 1.18367e-15      +/- 3.351e-17    (2.831%)
b               = -0.718678        +/- 0.02289      (3.185%)

correlation matrix of the fit parameters:
                a      b      
a               1.000 
b              -0.984  1.000 


*******************************************************************************
Mon May  2 14:12:49 2022


FIT:    data read from 'cte.dat' u 3:1:2
        format = x:z:s
        x range restricted to [3.00000e+14 : 8.00000e+14]
        #datapoints = 5
function used for fitting: f(x)
	f(x)=a*x+b
fitted parameters initialized with current variable values

iter      chisq       delta/lim  lambda   a             b            
   0 6.4612150020e+02   0.00e+00  1.13e+01    4.120000e-15  -6.670000e-01
   5 7.6634111040e-03  -4.91e-09  1.13e-04    1.183671e-15  -7.186779e-01

After 5 iterations the fit converged.
final sum of squares of residuals : 0.00766341
rel. change during last iteration : -4.91211e-14

degrees of freedom    (FIT_NDF)                        : 3
rms of residuals      (FIT_STDFIT) = sqrt(WSSR/ndf)    : 0.0505418
variance of residuals (reduced chisquare) = WSSR/ndf   : 0.00255447
p-value of the Chisq distribution (FIT_P)              : 0.999822

Final set of parameters            Asymptotic Standard Error
=======================            ==========================
a               = 1.18367e-15      +/- 3.351e-17    (2.831%)
b               = -0.718678        +/- 0.02289      (3.185%)

correlation matrix of the fit parameters:
                a      b      
a               1.000 
b              -0.984  1.000 


*******************************************************************************
Mon May  2 14:13:05 2022


FIT:    data read from 'cte.dat' u 3:1:2
        format = x:z:s
        x range restricted to [3.00000e+14 : 8.00000e+14]
        #datapoints = 5
function used for fitting: f(x)
	f(x)=a*x+b
fitted parameters initialized with current variable values

iter      chisq       delta/lim  lambda   a             b            
   0 6.4612150020e+02   0.00e+00  1.13e+01    4.120000e-15  -6.670000e-01
   5 7.6634111040e-03  -4.91e-09  1.13e-04    1.183671e-15  -7.186779e-01

After 5 iterations the fit converged.
final sum of squares of residuals : 0.00766341
rel. change during last iteration : -4.91211e-14

degrees of freedom    (FIT_NDF)                        : 3
rms of residuals      (FIT_STDFIT) = sqrt(WSSR/ndf)    : 0.0505418
variance of residuals (reduced chisquare) = WSSR/ndf   : 0.00255447
p-value of the Chisq distribution (FIT_P)              : 0.999822

Final set of parameters            Asymptotic Standard Error
=======================            ==========================
a               = 1.18367e-15      +/- 3.351e-17    (2.831%)
b               = -0.718678        +/- 0.02289      (3.185%)

correlation matrix of the fit parameters:
                a      b      
a               1.000 
b              -0.984  1.000 


*******************************************************************************
Mon May  2 14:13:11 2022


FIT:    data read from 'cte.dat' u 3:1:2
        format = x:z:s
        x range restricted to [3.00000e+14 : 8.00000e+14]
        #datapoints = 5
function used for fitting: f(x)
	f(x)=a*x+b
fitted parameters initialized with current variable values

iter      chisq       delta/lim  lambda   a             b            
   0 6.4612150020e+02   0.00e+00  1.13e+01    4.120000e-15  -6.670000e-01
   5 7.6634111040e-03  -4.91e-09  1.13e-04    1.183671e-15  -7.186779e-01

After 5 iterations the fit converged.
final sum of squares of residuals : 0.00766341
rel. change during last iteration : -4.91211e-14

degrees of freedom    (FIT_NDF)                        : 3
rms of residuals      (FIT_STDFIT) = sqrt(WSSR/ndf)    : 0.0505418
variance of residuals (reduced chisquare) = WSSR/ndf   : 0.00255447
p-value of the Chisq distribution (FIT_P)              : 0.999822

Final set of parameters            Asymptotic Standard Error
=======================            ==========================
a               = 1.18367e-15      +/- 3.351e-17    (2.831%)
b               = -0.718678        +/- 0.02289      (3.185%)

correlation matrix of the fit parameters:
                a      b      
a               1.000 
b              -0.984  1.000 


*******************************************************************************
Mon May  2 14:13:23 2022


FIT:    data read from 'cte.dat' u 3:1:2
        format = x:z:s
        x range restricted to [3.00000e+14 : 8.00000e+14]
        #datapoints = 5
function used for fitting: f(x)
	f(x)=a*x+b
fitted parameters initialized with current variable values

iter      chisq       delta/lim  lambda   a             b            
   0 6.4612150020e+02   0.00e+00  1.13e+01    4.120000e-15  -6.670000e-01
   5 7.6634111040e-03  -4.91e-09  1.13e-04    1.183671e-15  -7.186779e-01

After 5 iterations the fit converged.
final sum of squares of residuals : 0.00766341
rel. change during last iteration : -4.91211e-14

degrees of freedom    (FIT_NDF)                        : 3
rms of residuals      (FIT_STDFIT) = sqrt(WSSR/ndf)    : 0.0505418
variance of residuals (reduced chisquare) = WSSR/ndf   : 0.00255447
p-value of the Chisq distribution (FIT_P)              : 0.999822

Final set of parameters            Asymptotic Standard Error
=======================            ==========================
a               = 1.18367e-15      +/- 3.351e-17    (2.831%)
b               = -0.718678        +/- 0.02289      (3.185%)

correlation matrix of the fit parameters:
                a      b      
a               1.000 
b              -0.984  1.000 


*******************************************************************************
Mon May  2 14:14:01 2022


FIT:    data read from 'cte.dat' u 3:1:2
        format = x:z:s
        x range restricted to [3.00000e+14 : 8.00000e+14]
        #datapoints = 5
function used for fitting: f(x)
	f(x)=a*x+b
fitted parameters initialized with current variable values

iter      chisq       delta/lim  lambda   a             b            
   0 6.4612150020e+02   0.00e+00  1.13e+01    4.120000e-15  -6.670000e-01
   5 7.6634111040e-03  -4.91e-09  1.13e-04    1.183671e-15  -7.186779e-01

After 5 iterations the fit converged.
final sum of squares of residuals : 0.00766341
rel. change during last iteration : -4.91211e-14

degrees of freedom    (FIT_NDF)                        : 3
rms of residuals      (FIT_STDFIT) = sqrt(WSSR/ndf)    : 0.0505418
variance of residuals (reduced chisquare) = WSSR/ndf   : 0.00255447
p-value of the Chisq distribution (FIT_P)              : 0.999822

Final set of parameters            Asymptotic Standard Error
=======================            ==========================
a               = 1.18367e-15      +/- 3.351e-17    (2.831%)
b               = -0.718678        +/- 0.02289      (3.185%)

correlation matrix of the fit parameters:
                a      b      
a               1.000 
b              -0.984  1.000 


*******************************************************************************
Thu May  5 16:34:57 2022


FIT:    data read from 'cte.dat' u 3:1:2
        format = x:z:s
        x range restricted to [3.00000e+14 : 8.00000e+14]
        #datapoints = 5
function used for fitting: f(x)
	f(x)=a*x+b
fitted parameters initialized with current variable values

iter      chisq       delta/lim  lambda   a             b            
   0 6.4612150020e+02   0.00e+00  1.13e+01    4.120000e-15  -6.670000e-01
   5 7.6634111040e-03  -4.91e-09  1.13e-04    1.183671e-15  -7.186779e-01

After 5 iterations the fit converged.
final sum of squares of residuals : 0.00766341
rel. change during last iteration : -4.91211e-14

degrees of freedom    (FIT_NDF)                        : 3
rms of residuals      (FIT_STDFIT) = sqrt(WSSR/ndf)    : 0.0505418
variance of residuals (reduced chisquare) = WSSR/ndf   : 0.00255447
p-value of the Chisq distribution (FIT_P)              : 0.999822

Final set of parameters            Asymptotic Standard Error
=======================            ==========================
a               = 1.18367e-15      +/- 3.351e-17    (2.831%)
b               = -0.718678        +/- 0.02289      (3.185%)

correlation matrix of the fit parameters:
                a      b      
a               1.000 
b              -0.984  1.000 


*******************************************************************************
Thu May  5 16:35:34 2022


FIT:    data read from 'cte.dat' u 3:1:2
        format = x:z:s
        x range restricted to [3.00000e+14 : 8.00000e+14]
        #datapoints = 5
function used for fitting: f(x)
	f(x)=a*x+b
fitted parameters initialized with current variable values

iter      chisq       delta/lim  lambda   a             b            
   0 6.4612150020e+02   0.00e+00  1.13e+01    4.120000e-15  -6.670000e-01
   5 7.6634111040e-03  -4.91e-09  1.13e-04    1.183671e-15  -7.186779e-01

After 5 iterations the fit converged.
final sum of squares of residuals : 0.00766341
rel. change during last iteration : -4.91211e-14

degrees of freedom    (FIT_NDF)                        : 3
rms of residuals      (FIT_STDFIT) = sqrt(WSSR/ndf)    : 0.0505418
variance of residuals (reduced chisquare) = WSSR/ndf   : 0.00255447
p-value of the Chisq distribution (FIT_P)              : 0.999822

Final set of parameters            Asymptotic Standard Error
=======================            ==========================
a               = 1.18367e-15      +/- 3.351e-17    (2.831%)
b               = -0.718678        +/- 0.02289      (3.185%)

correlation matrix of the fit parameters:
                a      b      
a               1.000 
b              -0.984  1.000 


*******************************************************************************
Thu May  5 16:36:16 2022


FIT:    data read from 'cte.dat' u 3:1:2
        format = x:z:s
        x range restricted to [3.00000e+14 : 8.00000e+14]
        #datapoints = 5
function used for fitting: f(x)
	f(x)=a*x+b
fitted parameters initialized with current variable values

iter      chisq       delta/lim  lambda   a             b            
   0 6.4612150020e+02   0.00e+00  1.13e+01    4.120000e-15  -6.670000e-01
   5 7.6634111040e-03  -4.91e-09  1.13e-04    1.183671e-15  -7.186779e-01

After 5 iterations the fit converged.
final sum of squares of residuals : 0.00766341
rel. change during last iteration : -4.91211e-14

degrees of freedom    (FIT_NDF)                        : 3
rms of residuals      (FIT_STDFIT) = sqrt(WSSR/ndf)    : 0.0505418
variance of residuals (reduced chisquare) = WSSR/ndf   : 0.00255447
p-value of the Chisq distribution (FIT_P)              : 0.999822

Final set of parameters            Asymptotic Standard Error
=======================            ==========================
a               = 1.18367e-15      +/- 3.351e-17    (2.831%)
b               = -0.718678        +/- 0.02289      (3.185%)

correlation matrix of the fit parameters:
                a      b      
a               1.000 
b              -0.984  1.000 
